
ROM used: 101 (1%)
          101 (1%) including unused fragments

          0 Average locations per line
          7 Average locations per statement

RAM used: 8 (2%) at main() level
          9 (2%) worst case

Stack used: 1 worst case (out of 8 total available)

Lines Stmts  %   Files
----- ----- ---  -----
   42    15 100  deneme_1.c
  285     0   0  ..\..\..\..\..\Program Files (x86)\PICC\devices\16f877.h
----- -----
  327    15 Total

Page ROM  %  RAM   Vol Diff  Functions:
---- --- --- ---   --- ----  ----------
0     21  21   1             @delay_ms1
0     76  75   1   336  2.8  main

Program metrics:
    Functions               1
    Statements              15
    Comments                96
    Volume (V)              338
    Difficilty (D)          2.7
    Effort to implement (E) 923
    Time to implement (T)   1 minutes
    Est Delivered Bugs (B)  0
    Cyclomatic Complexity   1
    Maintainability (MI)    122

 Segment     Used  Free
-----------  ----  ----
00000-00003     4  0  
00004-007FF    97  1947  
00800-00FFF     0  2048  
01000-017FF     0  2048  
01800-01FFF     0  2048  



