
ROM used: 78 (1%)
          78 (1%) including unused fragments

          0 Average locations per line
          6 Average locations per statement

RAM used: 8 (2%) at main() level
          8 (2%) worst case

Stack used: 0 worst case (out of 8 total available)

Lines Stmts  %   Files
----- ----- ---  -----
   43    14 100  deneme_1.c
  285     0   0  ..\..\..\..\Program Files (x86)\PICC\devices\16f877.h
----- -----
  328    14 Total

Page ROM  %  RAM   Vol Diff  Functions:
---- --- --- ---   --- ----  ----------
0     74  95   0   338  3.3  main

Program metrics:
    Functions               1
    Statements              14
    Comments                95
    Volume (V)              338
    Difficilty (D)          3.3
    Effort to implement (E) 1110
    Time to implement (T)   1 minutes
    Est Delivered Bugs (B)  0
    Cyclomatic Complexity   1
    Maintainability (MI)    126

 Segment     Used  Free
-----------  ----  ----
00000-00003     4  0  
00004-007FF    74  1970  
00800-00FFF     0  2048  
01000-017FF     0  2048  
01800-01FFF     0  2048  



