
ROM used: 156 (2%)
          156 (2%) including unused fragments

          0 Average locations per line
          6 Average locations per statement

RAM used: 8 (2%) at main() level
          9 (2%) worst case

Stack used: 1 worst case (out of 8 total available)

Lines Stmts  %   Files
----- ----- ---  -----
   54    27 100  deneme_1.c
  285     0   0  ..\..\..\..\Program Files (x86)\PICC\devices\16f877.h
----- -----
  339    27 Total

Page ROM  %  RAM   Vol Diff  Functions:
---- --- --- ---   --- ----  ----------
0     21  13   1             @delay_ms1
0    131  84   1   667  2.9  main

Program metrics:
    Functions               1
    Statements              27
    Comments                108
    Volume (V)              669
    Difficilty (D)          2.8
    Effort to implement (E) 1903
    Time to implement (T)   2 minutes
    Est Delivered Bugs (B)  0
    Cyclomatic Complexity   1
    Maintainability (MI)    64

 Segment     Used  Free
-----------  ----  ----
00000-00003     4  0  
00004-007FF   152  1892  
00800-00FFF     0  2048  
01000-017FF     0  2048  
01800-01FFF     0  2048  



